SF:lib\core\utils\form_validators\mixins\email_validator_mixin.dart
DA:4,3
DA:5,6
DA:8,3
DA:9,3
DA:13,3
DA:17,6
DA:18,3
LF:7
LH:7
end_of_record
SF:lib\core\utils\form_validators\mixins\name_validator_mixin.dart
DA:5,3
DA:9,6
DA:10,2
DA:15,9
DA:16,2
DA:22,3
DA:25,3
LF:7
LH:7
end_of_record
SF:lib\core\utils\form_validators\mixins\password_validator_mixin.dart
DA:4,3
DA:5,6
DA:8,6
DA:16,3
DA:17,6
DA:20,3
LF:6
LH:6
end_of_record
SF:lib\core\utils\form_validators\trainer_validator.dart
DA:23,2
DA:24,4
DA:28,2
DA:33,2
DA:37,2
DA:38,2
DA:51,2
DA:52,2
DA:56,4
DA:57,6
DA:61,6
DA:65,2
DA:68,4
DA:82,2
DA:83,10
DA:87,4
DA:91,2
DA:94,4
DA:105,3
DA:117,2
LF:20
LH:20
end_of_record
SF:lib\core\utils\form_validators\mixins\phone_number_mixin_validator.dart
DA:6,2
DA:7,6
DA:11,2
DA:12,8
DA:15,8
DA:19,2
DA:20,4
LF:7
LH:7
end_of_record
SF:lib\core\constant\app_fonts.dart
DA:6,0
DA:7,0
DA:12,0
DA:13,0
DA:19,0
DA:20,0
DA:25,3
DA:26,1
DA:31,0
DA:32,0
DA:38,3
DA:39,1
DA:44,3
DA:45,1
DA:51,0
DA:52,0
DA:57,0
DA:58,0
DA:64,3
DA:65,1
DA:67,1
DA:71,3
DA:72,1
LF:23
LH:11
end_of_record
SF:lib\core\constant\app_paddings.dart
DA:5,1
DA:6,2
LF:2
LH:2
end_of_record
SF:lib\core\constant\app_radius.dart
DA:5,3
LF:1
LH:1
end_of_record
SF:lib\core\services\file_picker_service.dart
DA:11,0
DA:13,0
DA:15,0
LF:3
LH:0
end_of_record
SF:lib\core\utils\helpers\parse_specializations.dart
DA:3,1
DA:5,2
DA:6,3
DA:7,3
DA:8,1
LF:5
LH:5
end_of_record
SF:lib\core\widgets\custom_button.dart
DA:8,1
DA:12,1
DA:14,1
DA:15,1
DA:16,1
DA:17,1
DA:19,1
DA:21,1
DA:22,1
DA:23,1
DA:30,3
LF:11
LH:11
end_of_record
SF:lib\core\widgets\custom_text_button.dart
DA:5,1
DA:14,1
DA:16,1
DA:17,1
DA:18,5
LF:5
LH:5
end_of_record
SF:lib\core\widgets\custom_text_form_field.dart
DA:9,1
DA:45,1
DA:47,1
DA:49,1
DA:50,1
DA:51,1
DA:52,1
DA:53,1
DA:54,1
DA:55,1
DA:56,0
DA:58,1
DA:60,1
DA:61,2
DA:64,1
DA:65,2
DA:66,1
DA:67,2
DA:69,1
DA:70,0
DA:71,1
DA:72,1
DA:73,1
DA:77,1
DA:78,2
DA:79,1
DA:80,1
DA:81,3
DA:86,1
DA:87,1
DA:92,1
DA:93,1
DA:98,1
DA:99,1
DA:100,1
DA:101,1
DA:107,1
DA:108,1
DA:113,1
DA:114,1
LF:40
LH:38
end_of_record
SF:lib\features\auth\presentation\providers\trainer_provider\trainer_form_validate\trainer_form_mixins.dart
DA:7,2
DA:8,4
DA:14,2
DA:15,4
DA:28,2
DA:29,4
DA:39,2
DA:40,4
DA:50,2
DA:51,4
DA:64,1
DA:65,2
LF:12
LH:12
end_of_record
SF:lib\features\auth\presentation\providers\trainer_provider\trainer_form_validate\trainer_form_notifier.dart
DA:20,10
DA:32,1
DA:33,1
DA:34,3
DA:37,2
DA:38,2
DA:39,2
DA:40,2
DA:45,1
DA:46,1
DA:47,3
DA:50,2
DA:51,2
DA:52,2
DA:53,2
DA:58,1
DA:59,1
DA:60,3
DA:63,2
DA:64,2
DA:65,2
DA:66,2
DA:72,1
DA:73,1
DA:74,1
DA:75,2
DA:78,3
DA:82,2
DA:83,2
DA:84,2
DA:89,1
DA:90,3
DA:91,3
DA:94,2
DA:95,2
DA:96,2
DA:97,2
DA:102,0
DA:103,0
DA:104,0
DA:105,0
DA:106,0
DA:107,0
DA:108,0
DA:109,0
DA:114,0
DA:115,0
DA:116,0
DA:117,0
DA:118,0
DA:119,0
DA:120,0
DA:121,0
DA:126,2
DA:127,6
DA:128,6
DA:129,6
DA:130,6
DA:131,6
DA:132,2
DA:133,4
DA:134,4
DA:139,2
DA:140,2
DA:141,2
DA:142,2
DA:143,2
DA:144,2
DA:145,2
DA:146,4
DA:157,1
DA:158,1
DA:159,3
DA:162,2
DA:163,2
DA:168,1
DA:169,2
DA:170,3
DA:173,2
DA:174,2
DA:179,1
DA:181,1
DA:182,2
DA:183,3
DA:187,2
DA:188,2
DA:193,1
DA:194,3
DA:195,4
DA:196,4
DA:197,2
DA:198,2
DA:203,1
DA:204,1
DA:205,1
DA:206,1
DA:207,1
DA:208,2
DA:219,1
DA:220,2
DA:221,3
DA:224,2
DA:225,2
DA:230,2
DA:231,4
DA:234,6
DA:238,4
DA:239,4
DA:244,1
DA:245,2
DA:246,3
DA:247,3
DA:248,4
DA:250,1
DA:255,1
DA:256,2
DA:258,3
DA:261,2
DA:262,2
DA:267,1
DA:268,3
DA:269,2
DA:270,2
DA:272,2
DA:273,2
DA:275,2
DA:276,2
DA:281,1
DA:282,1
DA:283,1
DA:284,1
DA:285,1
DA:286,2
DA:293,10
DA:294,5
DA:295,9
LF:136
LH:120
end_of_record
SF:lib\features\auth\presentation\providers\trainer_provider\trainer_form_validate\trainer_form_state.dart
DA:35,19
DA:64,5
DA:92,5
DA:93,5
DA:95,5
DA:97,5
DA:99,5
DA:101,5
DA:103,5
DA:105,5
DA:108,5
DA:109,5
DA:111,5
DA:113,4
DA:114,4
DA:116,5
DA:118,5
DA:119,5
LF:18
LH:18
end_of_record
SF:lib\features\auth\presentation\shared_widgets\already_have_account.dart
DA:8,1
DA:11,1
DA:13,1
DA:15,1
DA:16,1
DA:17,1
DA:20,2
DA:24,1
DA:26,1
LF:9
LH:9
end_of_record
SF:lib\features\auth\presentation\shared_widgets\text_field_auth.dart
DA:7,1
DA:47,1
DA:49,1
DA:51,1
DA:52,3
DA:54,2
DA:56,1
DA:57,1
DA:58,1
DA:59,1
DA:60,1
DA:61,1
DA:62,1
DA:63,1
DA:64,1
DA:65,1
DA:66,1
DA:67,1
DA:68,1
DA:69,1
DA:70,1
DA:71,1
DA:72,1
DA:74,3
LF:24
LH:24
end_of_record
SF:lib\features\auth\presentation\widgets\trainer_registration\step_registration_title.dart
DA:5,14
DA:8,1
DA:10,1
DA:11,1
DA:12,1
LF:5
LH:5
end_of_record
SF:lib\features\auth\presentation\widgets\trainer_registration\steps\step_1.dart
DA:16,1
DA:19,1
DA:21,2
DA:23,1
DA:24,1
DA:25,1
DA:26,1
DA:27,1
DA:28,1
DA:29,1
DA:32,1
DA:33,2
DA:38,2
DA:41,1
DA:46,1
DA:47,1
DA:48,0
DA:50,0
DA:51,0
DA:56,1
DA:61,1
DA:62,1
DA:63,0
DA:65,0
DA:66,0
DA:71,1
DA:76,1
DA:77,1
DA:78,0
DA:79,0
DA:84,1
DA:85,1
DA:89,1
DA:93,1
DA:94,0
DA:96,0
DA:97,0
DA:99,1
DA:101,0
DA:103,0
DA:104,0
DA:109,1
DA:110,1
DA:114,1
DA:118,1
DA:119,0
DA:121,0
DA:122,0
DA:124,1
DA:127,0
DA:129,0
DA:130,0
DA:134,1
DA:135,0
DA:136,0
DA:144,1
DA:147,1
DA:150,1
DA:152,1
DA:156,2
DA:162,1
DA:164,3
DA:167,1
DA:176,2
DA:179,1
DA:183,2
LF:66
LH:44
end_of_record
